This is pdfTeX, Version 3.141592653-2.6-1.40.23 (TeX Live 2021/Arch Linux) (preloaded format=pdflatex 2022.4.7)  7 APR 2022 03:29
entering extended mode
 restricted \write18 enabled.
 %&-line parsing enabled.
**lab5.md -o lab5.pdf
(./lab5.md
LaTeX2e <2021-11-15> patch level 1
L3 programming layer <2022-02-24>
! You can't use `macro parameter character #' in vertical mode.
l.1 #
     # Name: DIPTANGSHU DEY
? e
 
Here is how much of TeX's memory you used:
 17 strings out of 478276
 383 string characters out of 5853014
 289381 words of memory out of 5000000
 18324 multiletter control sequences out of 15000+600000
 469259 words of font info for 28 fonts, out of 8000000 for 9000
 1141 hyphenation exceptions out of 8191
 13i,0n,12p,74b,10s stack positions out of 5000i,500n,10000p,200000b,80000s
No pages of output.
PDF statistics:
 0 PDF objects out of 1000 (max. 8388607)
 0 named destinations out of 1000 (max. 500000)
 1 words of extra memory for PDF output out of 10000 (max. 10000000)

